# JRE version: Java(TM) SE Runtime Environment (7.0_45-b18) (build 1.7.0_45-b18)
# Java VM: Java HotSpot(TM) Client VM (24.45-b08 mixed mode, sharing windows-x86 )
Heap
 def new generation   total 4928K, used 3531K [0x238f0000, 0x23e40000, 0x28e40000)
  eden space 4416K,  68% used [0x238f0000, 0x23be5650, 0x23d40000)
  from space 512K,  98% used [0x23d40000, 0x23dbd930, 0x23dc0000)
  to   space 512K,   0% used [0x23dc0000, 0x23dc0000, 0x23e40000)
 tenured generation   total 10944K, used 2752K [0x28e40000, 0x298f0000, 0x338f0000)
   the space 10944K,  25% used [0x28e40000, 0x290f0378, 0x290f0400, 0x298f0000)
 compacting perm gen  total 12288K, used 1640K [0x338f0000, 0x344f0000, 0x378f0000)
   the space 12288K,  13% used [0x338f0000, 0x33a8a0c8, 0x33a8a200, 0x344f0000)
    ro space 10240K,  41% used [0x378f0000, 0x37d21a78, 0x37d21c00, 0x382f0000)
    rw space 12288K,  52% used [0x382f0000, 0x389362c0, 0x38936400, 0x38ef0000)
GC Heap History (4 events):
Event: 0.790 GC heap before
{Heap before GC invocations=0 (full 0):
 def new generation   total 4928K, used 4415K [0x238f0000, 0x23e40000, 0x28e40000)
  eden space 4416K,  99% used [0x238f0000, 0x23d3fea8, 0x23d40000)
  from space 512K,   0% used [0x23d40000, 0x23d40000, 0x23dc0000)
  to   space 512K,   0% used [0x23dc0000, 0x23dc0000, 0x23e40000)
 tenured generation   total 10944K, used 0K [0x28e40000, 0x298f0000, 0x338f0000)
   the space 10944K,   0% used [0x28e40000, 0x28e40000, 0x28e40200, 0x298f0000)
 compacting perm gen  total 12288K, used 886K [0x338f0000, 0x344f0000, 0x378f0000)
   the space 12288K,   7% used [0x338f0000, 0x339cdbd0, 0x339cdc00, 0x344f0000)
    ro space 10240K,  41% used [0x378f0000, 0x37d21a78, 0x37d21c00, 0x382f0000)
    rw space 12288K,  52% used [0x382f0000, 0x389362c0, 0x38936400, 0x38ef0000)
Event: 0.796 GC heap after
Heap after GC invocations=1 (full 0):
 def new generation   total 4928K, used 511K [0x238f0000, 0x23e40000, 0x28e40000)
  eden space 4416K,   0% used [0x238f0000, 0x238f0000, 0x23d40000)
  from space 512K,  99% used [0x23dc0000, 0x23e3fff8, 0x23e40000)
  to   space 512K,   0% used [0x23d40000, 0x23d40000, 0x23dc0000)
 tenured generation   total 10944K, used 297K [0x28e40000, 0x298f0000, 0x338f0000)
   the space 10944K,   2% used [0x28e40000, 0x28e8a4f8, 0x28e8a600, 0x298f0000)
 compacting perm gen  total 12288K, used 886K [0x338f0000, 0x344f0000, 0x378f0000)
   the space 12288K,   7% used [0x338f0000, 0x339cdbd0, 0x339cdc00, 0x344f0000)
    ro space 10240K,  41% used [0x378f0000, 0x37d21a78, 0x37d21c00, 0x382f0000)
    rw space 12288K,  52% used [0x382f0000, 0x389362c0, 0x38936400, 0x38ef0000)
}
Event: 2.310 GC heap before
{Heap before GC invocations=1 (full 0):
 def new generation   total 4928K, used 4614K [0x238f0000, 0x23e40000, 0x28e40000)
  eden space 4416K,  92% used [0x238f0000, 0x23cf1838, 0x23d40000)
  from space 512K,  99% used [0x23dc0000, 0x23e3fff8, 0x23e40000)
  to   space 512K,   0% used [0x23d40000, 0x23d40000, 0x23dc0000)
 tenured generation   total 10944K, used 297K [0x28e40000, 0x298f0000, 0x338f0000)
   the space 10944K,   2% used [0x28e40000, 0x28e8a4f8, 0x28e8a600, 0x298f0000)
 compacting perm gen  total 12288K, used 1540K [0x338f0000, 0x344f0000, 0x378f0000)
   the space 12288K,  12% used [0x338f0000, 0x33a710b0, 0x33a71200, 0x344f0000)
    ro space 10240K,  41% used [0x378f0000, 0x37d21a78, 0x37d21c00, 0x382f0000)
    rw space 12288K,  52% used [0x382f0000, 0x389362c0, 0x38936400, 0x38ef0000)
Event: 2.327 GC heap after
Heap after GC invocations=2 (full 0):
 def new generation   total 4928K, used 502K [0x238f0000, 0x23e40000, 0x28e40000)
  eden space 4416K,   0% used [0x238f0000, 0x238f0000, 0x23d40000)
  from space 512K,  98% used [0x23d40000, 0x23dbd930, 0x23dc0000)
  to   space 512K,   0% used [0x23dc0000, 0x23dc0000, 0x23e40000)
 tenured generation   total 10944K, used 2752K [0x28e40000, 0x298f0000, 0x338f0000)
   the space 10944K,  25% used [0x28e40000, 0x290f0378, 0x290f0400, 0x298f0000)
 compacting perm gen  total 12288K, used 1540K [0x338f0000, 0x344f0000, 0x378f0000)
   the space 12288K,  12% used [0x338f0000, 0x33a710b0, 0x33a71200, 0x344f0000)
    ro space 10240K,  41% used [0x378f0000, 0x37d21a78, 0x37d21c00, 0x382f0000)
    rw space 12288K,  52% used [0x382f0000, 0x389362c0, 0x38936400, 0x38ef0000)
}

